<?xml version="1.0" encoding="UTF-8"?>
<testsuite xmlns:xsi="http://www.w3.org/2001/XMLSchema-instance" xsi:noNamespaceSchemaLocation="https://maven.apache.org/surefire/maven-surefire-plugin/xsd/surefire-test-report.xsd" name="demo.TestRunner" time="5.787" tests="3" errors="0" skipped="0" failures="2">
  <properties>
    <property name="java.specification.version" value="16"/>
    <property name="sun.cpu.isalist" value="amd64"/>
    <property name="sun.jnu.encoding" value="Cp1252"/>
    <property name="java.class.path" value="C:\Users\600001038\IdeaProjects\WFRegressionTest\target\test-classes;C:\Users\600001038\IdeaProjects\WFRegressionTest\target\classes;C:\Users\600001038\.m2\repository\com\intuit\karate\karate-junit5\1.0.1\karate-junit5-1.0.1.jar;C:\Users\600001038\.m2\repository\com\intuit\karate\karate-core\1.0.1\karate-core-1.0.1.jar;C:\Users\600001038\.m2\repository\org\graalvm\js\js-scriptengine\21.0.0\js-scriptengine-21.0.0.jar;C:\Users\600001038\.m2\repository\org\graalvm\sdk\graal-sdk\21.0.0\graal-sdk-21.0.0.jar;C:\Users\600001038\.m2\repository\org\graalvm\js\js\21.0.0\js-21.0.0.jar;C:\Users\600001038\.m2\repository\org\graalvm\regex\regex\21.0.0\regex-21.0.0.jar;C:\Users\600001038\.m2\repository\org\graalvm\truffle\truffle-api\21.0.0\truffle-api-21.0.0.jar;C:\Users\600001038\.m2\repository\com\ibm\icu\icu4j\67.1\icu4j-67.1.jar;C:\Users\600001038\.m2\repository\ch\qos\logback\logback-classic\1.2.3\logback-classic-1.2.3.jar;C:\Users\600001038\.m2\repository\ch\qos\logback\logback-core\1.2.3\logback-core-1.2.3.jar;C:\Users\600001038\.m2\repository\org\slf4j\slf4j-api\1.7.25\slf4j-api-1.7.25.jar;C:\Users\600001038\.m2\repository\org\slf4j\jcl-over-slf4j\1.7.25\jcl-over-slf4j-1.7.25.jar;C:\Users\600001038\.m2\repository\com\jayway\jsonpath\json-path\2.5.0\json-path-2.5.0.jar;C:\Users\600001038\.m2\repository\net\minidev\json-smart\2.3\json-smart-2.3.jar;C:\Users\600001038\.m2\repository\net\minidev\accessors-smart\1.2\accessors-smart-1.2.jar;C:\Users\600001038\.m2\repository\org\ow2\asm\asm\5.0.4\asm-5.0.4.jar;C:\Users\600001038\.m2\repository\info\cukes\cucumber-java\1.2.5\cucumber-java-1.2.5.jar;C:\Users\600001038\.m2\repository\info\cukes\cucumber-core\1.2.5\cucumber-core-1.2.5.jar;C:\Users\600001038\.m2\repository\org\yaml\snakeyaml\1.27\snakeyaml-1.27.jar;C:\Users\600001038\.m2\repository\de\siegmar\fastcsv\1.0.4\fastcsv-1.0.4.jar;C:\Users\600001038\.m2\repository\info\picocli\picocli\4.5.2\picocli-4.5.2.jar;C:\Users\600001038\.m2\repository\org\junit\jupiter\junit-jupiter-api\5.7.0\junit-jupiter-api-5.7.0.jar;C:\Users\600001038\.m2\repository\org\apiguardian\apiguardian-api\1.1.0\apiguardian-api-1.1.0.jar;C:\Users\600001038\.m2\repository\org\opentest4j\opentest4j\1.2.0\opentest4j-1.2.0.jar;C:\Users\600001038\.m2\repository\org\junit\platform\junit-platform-commons\1.7.0\junit-platform-commons-1.7.0.jar;C:\Users\600001038\.m2\repository\org\junit\jupiter\junit-jupiter-engine\5.7.0\junit-jupiter-engine-5.7.0.jar;C:\Users\600001038\.m2\repository\org\junit\platform\junit-platform-engine\1.7.0\junit-platform-engine-1.7.0.jar;C:\Users\600001038\.m2\repository\net\masterthought\cucumber-reporting\3.8.0\cucumber-reporting-3.8.0.jar;C:\Users\600001038\.m2\repository\org\apache\logging\log4j\log4j-api\2.6\log4j-api-2.6.jar;C:\Users\600001038\.m2\repository\org\apache\logging\log4j\log4j-core\2.6\log4j-core-2.6.jar;C:\Users\600001038\.m2\repository\com\fasterxml\jackson\core\jackson-databind\2.8.5\jackson-databind-2.8.5.jar;C:\Users\600001038\.m2\repository\com\fasterxml\jackson\core\jackson-annotations\2.8.0\jackson-annotations-2.8.0.jar;C:\Users\600001038\.m2\repository\com\fasterxml\jackson\core\jackson-core\2.8.5\jackson-core-2.8.5.jar;C:\Users\600001038\.m2\repository\org\apache\velocity\velocity\1.7\velocity-1.7.jar;C:\Users\600001038\.m2\repository\commons-collections\commons-collections\3.2.1\commons-collections-3.2.1.jar;C:\Users\600001038\.m2\repository\commons-lang\commons-lang\2.4\commons-lang-2.4.jar;C:\Users\600001038\.m2\repository\velocity-tools\velocity-tools\1.4\velocity-tools-1.4.jar;C:\Users\600001038\.m2\repository\joda-time\joda-time\2.9.6\joda-time-2.9.6.jar;C:\Users\600001038\.m2\repository\org\apache\commons\commons-lang3\3.5\commons-lang3-3.5.jar;C:\Users\600001038\.m2\repository\commons-io\commons-io\2.5\commons-io-2.5.jar;C:\Users\600001038\.m2\repository\net\lingala\zip4j\zip4j\1.3.2\zip4j-1.3.2.jar;C:\Users\600001038\.m2\repository\org\codehaus\plexus\plexus-utils\3.0.24\plexus-utils-3.0.24.jar;C:\Users\600001038\.m2\repository\org\jsoup\jsoup\1.10.1\jsoup-1.10.1.jar;C:\Users\600001038\.m2\repository\com\googlecode\owasp-java-html-sanitizer\owasp-java-html-sanitizer\20160924.1\owasp-java-html-sanitizer-20160924.1.jar;C:\Users\600001038\.m2\repository\com\google\guava\guava\20.0\guava-20.0.jar;"/>
    <property name="java.vm.vendor" value="Oracle Corporation"/>
    <property name="sun.arch.data.model" value="64"/>
    <property name="user.variant" value=""/>
    <property name="java.vendor.url" value="https://java.oracle.com/"/>
    <property name="user.timezone" value="America/New_York"/>
    <property name="os.name" value="Windows 10"/>
    <property name="java.vm.specification.version" value="16"/>
    <property name="sun.java.launcher" value="SUN_STANDARD"/>
    <property name="user.country" value="US"/>
    <property name="sun.boot.library.path" value="C:\Program Files\Java\jdk-16.0.1\bin"/>
    <property name="sun.java.command" value="C:\Users\600001~1\AppData\Local\Temp\surefire6390331666905359872\surefirebooter8031421008681138025.jar C:\Users\600001038\AppData\Local\Temp\surefire6390331666905359872 2021-08-16T10-29-57_749-jvmRun1 surefire4734458092019663792tmp surefire_04615620572351433433tmp"/>
    <property name="jdk.debug" value="release"/>
    <property name="surefire.test.class.path" value="C:\Users\600001038\IdeaProjects\WFRegressionTest\target\test-classes;C:\Users\600001038\IdeaProjects\WFRegressionTest\target\classes;C:\Users\600001038\.m2\repository\com\intuit\karate\karate-junit5\1.0.1\karate-junit5-1.0.1.jar;C:\Users\600001038\.m2\repository\com\intuit\karate\karate-core\1.0.1\karate-core-1.0.1.jar;C:\Users\600001038\.m2\repository\org\graalvm\js\js-scriptengine\21.0.0\js-scriptengine-21.0.0.jar;C:\Users\600001038\.m2\repository\org\graalvm\sdk\graal-sdk\21.0.0\graal-sdk-21.0.0.jar;C:\Users\600001038\.m2\repository\org\graalvm\js\js\21.0.0\js-21.0.0.jar;C:\Users\600001038\.m2\repository\org\graalvm\regex\regex\21.0.0\regex-21.0.0.jar;C:\Users\600001038\.m2\repository\org\graalvm\truffle\truffle-api\21.0.0\truffle-api-21.0.0.jar;C:\Users\600001038\.m2\repository\com\ibm\icu\icu4j\67.1\icu4j-67.1.jar;C:\Users\600001038\.m2\repository\ch\qos\logback\logback-classic\1.2.3\logback-classic-1.2.3.jar;C:\Users\600001038\.m2\repository\ch\qos\logback\logback-core\1.2.3\logback-core-1.2.3.jar;C:\Users\600001038\.m2\repository\org\slf4j\slf4j-api\1.7.25\slf4j-api-1.7.25.jar;C:\Users\600001038\.m2\repository\org\slf4j\jcl-over-slf4j\1.7.25\jcl-over-slf4j-1.7.25.jar;C:\Users\600001038\.m2\repository\com\jayway\jsonpath\json-path\2.5.0\json-path-2.5.0.jar;C:\Users\600001038\.m2\repository\net\minidev\json-smart\2.3\json-smart-2.3.jar;C:\Users\600001038\.m2\repository\net\minidev\accessors-smart\1.2\accessors-smart-1.2.jar;C:\Users\600001038\.m2\repository\org\ow2\asm\asm\5.0.4\asm-5.0.4.jar;C:\Users\600001038\.m2\repository\info\cukes\cucumber-java\1.2.5\cucumber-java-1.2.5.jar;C:\Users\600001038\.m2\repository\info\cukes\cucumber-core\1.2.5\cucumber-core-1.2.5.jar;C:\Users\600001038\.m2\repository\org\yaml\snakeyaml\1.27\snakeyaml-1.27.jar;C:\Users\600001038\.m2\repository\de\siegmar\fastcsv\1.0.4\fastcsv-1.0.4.jar;C:\Users\600001038\.m2\repository\info\picocli\picocli\4.5.2\picocli-4.5.2.jar;C:\Users\600001038\.m2\repository\org\junit\jupiter\junit-jupiter-api\5.7.0\junit-jupiter-api-5.7.0.jar;C:\Users\600001038\.m2\repository\org\apiguardian\apiguardian-api\1.1.0\apiguardian-api-1.1.0.jar;C:\Users\600001038\.m2\repository\org\opentest4j\opentest4j\1.2.0\opentest4j-1.2.0.jar;C:\Users\600001038\.m2\repository\org\junit\platform\junit-platform-commons\1.7.0\junit-platform-commons-1.7.0.jar;C:\Users\600001038\.m2\repository\org\junit\jupiter\junit-jupiter-engine\5.7.0\junit-jupiter-engine-5.7.0.jar;C:\Users\600001038\.m2\repository\org\junit\platform\junit-platform-engine\1.7.0\junit-platform-engine-1.7.0.jar;C:\Users\600001038\.m2\repository\net\masterthought\cucumber-reporting\3.8.0\cucumber-reporting-3.8.0.jar;C:\Users\600001038\.m2\repository\org\apache\logging\log4j\log4j-api\2.6\log4j-api-2.6.jar;C:\Users\600001038\.m2\repository\org\apache\logging\log4j\log4j-core\2.6\log4j-core-2.6.jar;C:\Users\600001038\.m2\repository\com\fasterxml\jackson\core\jackson-databind\2.8.5\jackson-databind-2.8.5.jar;C:\Users\600001038\.m2\repository\com\fasterxml\jackson\core\jackson-annotations\2.8.0\jackson-annotations-2.8.0.jar;C:\Users\600001038\.m2\repository\com\fasterxml\jackson\core\jackson-core\2.8.5\jackson-core-2.8.5.jar;C:\Users\600001038\.m2\repository\org\apache\velocity\velocity\1.7\velocity-1.7.jar;C:\Users\600001038\.m2\repository\commons-collections\commons-collections\3.2.1\commons-collections-3.2.1.jar;C:\Users\600001038\.m2\repository\commons-lang\commons-lang\2.4\commons-lang-2.4.jar;C:\Users\600001038\.m2\repository\velocity-tools\velocity-tools\1.4\velocity-tools-1.4.jar;C:\Users\600001038\.m2\repository\joda-time\joda-time\2.9.6\joda-time-2.9.6.jar;C:\Users\600001038\.m2\repository\org\apache\commons\commons-lang3\3.5\commons-lang3-3.5.jar;C:\Users\600001038\.m2\repository\commons-io\commons-io\2.5\commons-io-2.5.jar;C:\Users\600001038\.m2\repository\net\lingala\zip4j\zip4j\1.3.2\zip4j-1.3.2.jar;C:\Users\600001038\.m2\repository\org\codehaus\plexus\plexus-utils\3.0.24\plexus-utils-3.0.24.jar;C:\Users\600001038\.m2\repository\org\jsoup\jsoup\1.10.1\jsoup-1.10.1.jar;C:\Users\600001038\.m2\repository\com\googlecode\owasp-java-html-sanitizer\owasp-java-html-sanitizer\20160924.1\owasp-java-html-sanitizer-20160924.1.jar;C:\Users\600001038\.m2\repository\com\google\guava\guava\20.0\guava-20.0.jar;"/>
    <property name="sun.cpu.endian" value="little"/>
    <property name="user.home" value="C:\Users\600001038"/>
    <property name="user.language" value="en"/>
    <property name="java.specification.vendor" value="Oracle Corporation"/>
    <property name="java.version.date" value="2021-04-20"/>
    <property name="java.home" value="C:\Program Files\Java\jdk-16.0.1"/>
    <property name="file.separator" value="\"/>
    <property name="basedir" value="C:\Users\600001038\IdeaProjects\WFRegressionTest"/>
    <property name="java.vm.compressedOopsMode" value="32-bit"/>
    <property name="line.separator" value="&#10;"/>
    <property name="java.vm.specification.vendor" value="Oracle Corporation"/>
    <property name="java.specification.name" value="Java Platform API Specification"/>
    <property name="surefire.real.class.path" value="C:\Users\600001~1\AppData\Local\Temp\surefire6390331666905359872\surefirebooter8031421008681138025.jar"/>
    <property name="user.script" value=""/>
    <property name="sun.management.compiler" value="HotSpot 64-Bit Tiered Compilers"/>
    <property name="java.runtime.version" value="16.0.1+9-24"/>
    <property name="user.name" value="600001038"/>
    <property name="path.separator" value=";"/>
    <property name="os.version" value="10.0"/>
    <property name="java.runtime.name" value="OpenJDK Runtime Environment"/>
    <property name="file.encoding" value="Cp1252"/>
    <property name="java.vm.name" value="OpenJDK 64-Bit Server VM"/>
    <property name="localRepository" value="C:\Users\600001038\.m2\repository"/>
    <property name="java.vendor.url.bug" value="https://bugreport.java.com/bugreport/"/>
    <property name="java.io.tmpdir" value="C:\Users\600001~1\AppData\Local\Temp\"/>
    <property name="java.version" value="16.0.1"/>
    <property name="user.dir" value="C:\Users\600001038\IdeaProjects\WFRegressionTest"/>
    <property name="os.arch" value="amd64"/>
    <property name="java.vm.specification.name" value="Java Virtual Machine Specification"/>
    <property name="sun.os.patch.level" value=""/>
    <property name="java.library.path" value="C:\Program Files\Java\jdk-16.0.1\bin;C:\WINDOWS\Sun\Java\bin;C:\WINDOWS\system32;C:\WINDOWS;H:\bin;C:\developer\Tools\Git\2.30.0.2\mingw64\bin;C:\developer\Tools\Git\2.30.0.2\usr\local\bin;C:\developer\Tools\Git\2.30.0.2\usr\bin;C:\developer\Tools\Git\2.30.0.2\usr\bin;C:\developer\Tools\Git\2.30.0.2\mingw64\bin;C:\developer\Tools\Git\2.30.0.2\usr\bin;H:\bin;C:\Program Files\Microsoft MPI\Bin;C:\Program Files (x86)\Common Files\Oracle\Java\javapath;C:\WINDOWS\System32\Oracle12cR1\bin;C:\WINDOWS\system32;C:\WINDOWS;C:\WINDOWS\System32\Wbem;C:\WINDOWS\System32\WindowsPowerShell\v1.0;C:\WINDOWS\System32\OpenSSH;C:\Program Files (x86)\IBM\Client Access\Emulator;C:\Program Files (x86)\IBM\Client Access\Shared;C:\Program Files (x86)\IBM\Client Access;C:\ProgramData\chocolatey\bin;C:\Program Files\Microsoft VS Code\bin;C:\Program Files\TortoiseGit\bin;C:\Program Files (x86)\Microsoft SQL Server\150\DTS\Binn;C:\Program Files\Azure Data Studio\bin;C:\Program Files\Microsoft\Web Platform Installer;C:\Program Files (x86)\Microsoft SQL Server\130\Tools\Binn;C:\Program Files\Microsoft SQL Server\130\Tools\Binn;C:\Program Files (x86)\Microsoft SQL Server\130\DTS\Binn;C:\Program Files\Microsoft SQL Server\130\DTS\Binn;C:\Program Files\Microsoft SQL Server\Client SDK\ODBC\130\Tools\Binn;C:\developer\chocolatey\bin;C:\developer\Tools\Git\2.30.0.2\cmd;C:\Program Files (x86)\Sennheiser\SenncomSDK;C:\Program Files\nodejs;C:\Program Files\Java\jdk-16.0.1\bin;C:\Users\600001038\AppData\Local\Microsoft\WindowsApps;C:\Data\apache-maven-3.8.1\bin;C:\developer\Tools\Git\2.30.0.2\usr\bin\vendor_perl;C:\developer\Tools\Git\2.30.0.2\usr\bin\core_perl;."/>
    <property name="java.vm.info" value="mixed mode, sharing"/>
    <property name="java.vendor" value="Oracle Corporation"/>
    <property name="java.vm.version" value="16.0.1+9-24"/>
    <property name="sun.io.unicode.encoding" value="UnicodeLittle"/>
    <property name="java.class.version" value="60.0"/>
  </properties>
  <testcase name="testSample[1][1]" classname="demo.TestRunner" time="2.665"/>
  <testcase name="testSample[1][2]" classname="demo.TestRunner" time="0.186">
    <failure message="match failed: EQUALS&#10;  $ | not equal (NUMBER:NUMBER)&#10;  3&#10;  2&#10;&#10;classpath:demo/user1.feature:12" type="org.opentest4j.AssertionFailedError">org.opentest4j.AssertionFailedError: 
match failed: EQUALS
  $ | not equal (NUMBER:NUMBER)
  3
  2

classpath:demo/user1.feature:12
</failure>
    <system-out><![CDATA[10:30:04.519 [main] DEBUG com.intuit.karate - request:
1 > GET https://reqres.in/api/users/3
1 > Host: reqres.in
1 > Connection: Keep-Alive
1 > User-Agent: Apache-HttpClient/4.5.13 (Java/16.0.1)
1 > Accept-Encoding: gzip,deflate


10:30:04.652 [main] DEBUG com.intuit.karate - response time in milliseconds: 131
1 < 200
1 < Date: Mon, 16 Aug 2021 14:30:04 GMT
1 < Content-Type: application/json; charset=utf-8
1 < Transfer-Encoding: chunked
1 < Connection: keep-alive
1 < x-powered-by: Express
1 < access-control-allow-origin: *
1 < etag: W/"112-EeInfgHWtnxhYRnwgZUB667e024"
1 < via: 1.1 vegur
1 < Cache-Control: max-age=14400
1 < CF-Cache-Status: HIT
1 < Age: 3510
1 < Expect-CT: max-age=604800, report-uri="https://report-uri.cloudflare.com/cdn-cgi/beacon/expect-ct"
1 < Report-To: {"endpoints":[{"url":"https:\/\/a.nel.cloudflare.com\/report\/v3?s=goNddEsOmBWrRg%2B%2FMW1LafO7q0FTATdvO5Rmb8o3uknli5SnhqACnMJO9ePp3yyE75dBySEBfADXarBzEP%2FtNcss05OvrMv4jdinx1sFbe1e8Vl5nr46WTVc6X4%3D"}],"group":"cf-nel","max_age":604800}
1 < NEL: {"success_fraction":0,"report_to":"cf-nel","max_age":604800}
1 < Vary: Accept-Encoding
1 < Server: cloudflare
1 < CF-RAY: 67fb5bc81899cef0-IAD
1 < alt-svc: h3-27=":443"; ma=86400, h3-28=":443"; ma=86400, h3-29=":443"; ma=86400, h3=":443"; ma=86400
{"data":{"last_name":"Wong","id":3,"avatar":"https:\/\/reqres.in\/img\/faces\/3-image.jpg","first_name":"Emma","email":"emma.wong@reqres.in"},"support":{"text":"To keep ReqRes free, contributions towards server costs are appreciated!","url":"https:\/\/reqres.in\/#support-heading"}}
10:30:04.655 [main] INFO  com.intuit.karate - [print] {
  "data": {
    "last_name": "Wong",
    "id": 3,
    "avatar": "https://reqres.in/img/faces/3-image.jpg",
    "first_name": "Emma",
    "email": "emma.wong@reqres.in"
  },
  "support": {
    "text": "To keep ReqRes free, contributions towards server costs are appreciated!",
    "url": "https://reqres.in/#support-heading"
  }
}
 
10:30:04.657 [main] ERROR com.intuit.karate - classpath:demo/user1.feature:12
* match response.data.id == 2
match failed: EQUALS
  $ | not equal (NUMBER:NUMBER)
  3
  2

classpath:demo/user1.feature:12
]]></system-out>
  </testcase>
  <testcase name="testSample[1][3]" classname="demo.TestRunner" time="1.747">
    <failure message="match failed: EQUALS&#10;  $ | not equal (NUMBER:NUMBER)&#10;  4&#10;  2&#10;&#10;classpath:demo/user1.feature:12" type="org.opentest4j.AssertionFailedError">org.opentest4j.AssertionFailedError: 
match failed: EQUALS
  $ | not equal (NUMBER:NUMBER)
  4
  2

classpath:demo/user1.feature:12
</failure>
    <system-out><![CDATA[10:30:04.719 [main] DEBUG com.intuit.karate - request:
1 > GET https://reqres.in/api/users/4
1 > Host: reqres.in
1 > Connection: Keep-Alive
1 > User-Agent: Apache-HttpClient/4.5.13 (Java/16.0.1)
1 > Accept-Encoding: gzip,deflate


10:30:04.826 [main] DEBUG com.intuit.karate - response time in milliseconds: 106
1 < 200
1 < Date: Mon, 16 Aug 2021 14:30:04 GMT
1 < Content-Type: application/json; charset=utf-8
1 < Transfer-Encoding: chunked
1 < Connection: keep-alive
1 < x-powered-by: Express
1 < access-control-allow-origin: *
1 < etag: W/"110-Xdg3LtI+q2zMxihHlfeIZQo/bvY"
1 < via: 1.1 vegur
1 < Cache-Control: max-age=14400
1 < CF-Cache-Status: HIT
1 < Age: 3476
1 < Expect-CT: max-age=604800, report-uri="https://report-uri.cloudflare.com/cdn-cgi/beacon/expect-ct"
1 < Report-To: {"endpoints":[{"url":"https:\/\/a.nel.cloudflare.com\/report\/v3?s=FxQLJPC%2FEQlePUwNOvCUNWAh3hYUuejVmHlWSnsaJ9ifo34Tn%2FxcJoG2GblmpQ1EDAQzCm%2FfzoF5n0y1xwpKGhwSCWUKdKwromTbeSwEhXdNEbrrDkppOoLsN%2FU%3D"}],"group":"cf-nel","max_age":604800}
1 < NEL: {"success_fraction":0,"report_to":"cf-nel","max_age":604800}
1 < Vary: Accept-Encoding
1 < Server: cloudflare
1 < CF-RAY: 67fb5bc929c657ba-IAD
1 < alt-svc: h3-27=":443"; ma=86400, h3-28=":443"; ma=86400, h3-29=":443"; ma=86400, h3=":443"; ma=86400
{"data":{"last_name":"Holt","id":4,"avatar":"https:\/\/reqres.in\/img\/faces\/4-image.jpg","first_name":"Eve","email":"eve.holt@reqres.in"},"support":{"text":"To keep ReqRes free, contributions towards server costs are appreciated!","url":"https:\/\/reqres.in\/#support-heading"}}
10:30:04.830 [main] INFO  com.intuit.karate - [print] {
  "data": {
    "last_name": "Holt",
    "id": 4,
    "avatar": "https://reqres.in/img/faces/4-image.jpg",
    "first_name": "Eve",
    "email": "eve.holt@reqres.in"
  },
  "support": {
    "text": "To keep ReqRes free, contributions towards server costs are appreciated!",
    "url": "https://reqres.in/#support-heading"
  }
}
 
10:30:04.833 [main] ERROR com.intuit.karate - classpath:demo/user1.feature:12
* match response.data.id == 2
match failed: EQUALS
  $ | not equal (NUMBER:NUMBER)
  4
  2

classpath:demo/user1.feature:12
---------------------------------------------------------
feature: classpath:demo/user1.feature
scenarios:  3 | passed:  1 | failed:  2 | time: 1.5074
---------------------------------------------------------

Karate version: 1.0.1
======================================================
elapsed:   4.58 | threads:    1 | thread time: 1.51 
features:     1 | skipped:    0 | efficiency: 0.33
scenarios:    3 | passed:     1 | failed: 2
======================================================
>>> failed features:
match failed: EQUALS
  $ | not equal (NUMBER:NUMBER)
  3
  2

classpath:demo/user1.feature:12
match failed: EQUALS
  $ | not equal (NUMBER:NUMBER)
  4
  2

classpath:demo/user1.feature:12
<<<

HTML report: (paste into browser to view) | Karate version: 1.0.1
file:///C:/Users/600001038/IdeaProjects/WFRegressionTest/target/karate-reports/karate-summary.html
===================================================================

]]></system-out>
  </testcase>
</testsuite>