<?xml version="1.0" encoding="UTF-8"?>
<testsuite xmlns:xsi="http://www.w3.org/2001/XMLSchema-instance" xsi:noNamespaceSchemaLocation="https://maven.apache.org/surefire/maven-surefire-plugin/xsd/surefire-test-report.xsd" name="wflclaim.TestRunner" time="8.709" tests="1" errors="0" skipped="0" failures="1">
  <properties>
    <property name="java.specification.version" value="16"/>
    <property name="sun.cpu.isalist" value="amd64"/>
    <property name="sun.jnu.encoding" value="Cp1252"/>
    <property name="java.class.path" value="C:\Users\600001038\IdeaProjects\WFRegressionTest\target\test-classes;C:\Users\600001038\IdeaProjects\WFRegressionTest\target\classes;C:\Users\600001038\.m2\repository\com\intuit\karate\karate-junit5\1.0.1\karate-junit5-1.0.1.jar;C:\Users\600001038\.m2\repository\com\intuit\karate\karate-core\1.0.1\karate-core-1.0.1.jar;C:\Users\600001038\.m2\repository\org\graalvm\js\js-scriptengine\21.0.0\js-scriptengine-21.0.0.jar;C:\Users\600001038\.m2\repository\org\graalvm\sdk\graal-sdk\21.0.0\graal-sdk-21.0.0.jar;C:\Users\600001038\.m2\repository\org\graalvm\js\js\21.0.0\js-21.0.0.jar;C:\Users\600001038\.m2\repository\org\graalvm\regex\regex\21.0.0\regex-21.0.0.jar;C:\Users\600001038\.m2\repository\org\graalvm\truffle\truffle-api\21.0.0\truffle-api-21.0.0.jar;C:\Users\600001038\.m2\repository\com\ibm\icu\icu4j\67.1\icu4j-67.1.jar;C:\Users\600001038\.m2\repository\ch\qos\logback\logback-classic\1.2.3\logback-classic-1.2.3.jar;C:\Users\600001038\.m2\repository\ch\qos\logback\logback-core\1.2.3\logback-core-1.2.3.jar;C:\Users\600001038\.m2\repository\org\slf4j\slf4j-api\1.7.25\slf4j-api-1.7.25.jar;C:\Users\600001038\.m2\repository\org\slf4j\jcl-over-slf4j\1.7.25\jcl-over-slf4j-1.7.25.jar;C:\Users\600001038\.m2\repository\com\jayway\jsonpath\json-path\2.5.0\json-path-2.5.0.jar;C:\Users\600001038\.m2\repository\net\minidev\json-smart\2.3\json-smart-2.3.jar;C:\Users\600001038\.m2\repository\net\minidev\accessors-smart\1.2\accessors-smart-1.2.jar;C:\Users\600001038\.m2\repository\org\ow2\asm\asm\5.0.4\asm-5.0.4.jar;C:\Users\600001038\.m2\repository\info\cukes\cucumber-java\1.2.5\cucumber-java-1.2.5.jar;C:\Users\600001038\.m2\repository\info\cukes\cucumber-core\1.2.5\cucumber-core-1.2.5.jar;C:\Users\600001038\.m2\repository\org\yaml\snakeyaml\1.27\snakeyaml-1.27.jar;C:\Users\600001038\.m2\repository\de\siegmar\fastcsv\1.0.4\fastcsv-1.0.4.jar;C:\Users\600001038\.m2\repository\info\picocli\picocli\4.5.2\picocli-4.5.2.jar;C:\Users\600001038\.m2\repository\org\junit\jupiter\junit-jupiter-api\5.7.0\junit-jupiter-api-5.7.0.jar;C:\Users\600001038\.m2\repository\org\apiguardian\apiguardian-api\1.1.0\apiguardian-api-1.1.0.jar;C:\Users\600001038\.m2\repository\org\opentest4j\opentest4j\1.2.0\opentest4j-1.2.0.jar;C:\Users\600001038\.m2\repository\org\junit\platform\junit-platform-commons\1.7.0\junit-platform-commons-1.7.0.jar;C:\Users\600001038\.m2\repository\org\junit\jupiter\junit-jupiter-engine\5.7.0\junit-jupiter-engine-5.7.0.jar;C:\Users\600001038\.m2\repository\org\junit\platform\junit-platform-engine\1.7.0\junit-platform-engine-1.7.0.jar;C:\Users\600001038\.m2\repository\net\masterthought\cucumber-reporting\3.8.0\cucumber-reporting-3.8.0.jar;C:\Users\600001038\.m2\repository\org\apache\logging\log4j\log4j-api\2.6\log4j-api-2.6.jar;C:\Users\600001038\.m2\repository\org\apache\logging\log4j\log4j-core\2.6\log4j-core-2.6.jar;C:\Users\600001038\.m2\repository\com\fasterxml\jackson\core\jackson-databind\2.8.5\jackson-databind-2.8.5.jar;C:\Users\600001038\.m2\repository\com\fasterxml\jackson\core\jackson-annotations\2.8.0\jackson-annotations-2.8.0.jar;C:\Users\600001038\.m2\repository\com\fasterxml\jackson\core\jackson-core\2.8.5\jackson-core-2.8.5.jar;C:\Users\600001038\.m2\repository\org\apache\velocity\velocity\1.7\velocity-1.7.jar;C:\Users\600001038\.m2\repository\commons-collections\commons-collections\3.2.1\commons-collections-3.2.1.jar;C:\Users\600001038\.m2\repository\commons-lang\commons-lang\2.4\commons-lang-2.4.jar;C:\Users\600001038\.m2\repository\velocity-tools\velocity-tools\1.4\velocity-tools-1.4.jar;C:\Users\600001038\.m2\repository\joda-time\joda-time\2.9.6\joda-time-2.9.6.jar;C:\Users\600001038\.m2\repository\org\apache\commons\commons-lang3\3.5\commons-lang3-3.5.jar;C:\Users\600001038\.m2\repository\commons-io\commons-io\2.5\commons-io-2.5.jar;C:\Users\600001038\.m2\repository\net\lingala\zip4j\zip4j\1.3.2\zip4j-1.3.2.jar;C:\Users\600001038\.m2\repository\org\codehaus\plexus\plexus-utils\3.0.24\plexus-utils-3.0.24.jar;C:\Users\600001038\.m2\repository\org\jsoup\jsoup\1.10.1\jsoup-1.10.1.jar;C:\Users\600001038\.m2\repository\com\googlecode\owasp-java-html-sanitizer\owasp-java-html-sanitizer\20160924.1\owasp-java-html-sanitizer-20160924.1.jar;C:\Users\600001038\.m2\repository\com\google\guava\guava\20.0\guava-20.0.jar;"/>
    <property name="java.vm.vendor" value="Oracle Corporation"/>
    <property name="sun.arch.data.model" value="64"/>
    <property name="user.variant" value=""/>
    <property name="java.vendor.url" value="https://java.oracle.com/"/>
    <property name="user.timezone" value="America/New_York"/>
    <property name="os.name" value="Windows 10"/>
    <property name="java.vm.specification.version" value="16"/>
    <property name="sun.java.launcher" value="SUN_STANDARD"/>
    <property name="user.country" value="US"/>
    <property name="sun.boot.library.path" value="C:\Program Files\Java\jdk-16.0.1\bin"/>
    <property name="sun.java.command" value="C:\Users\600001~1\AppData\Local\Temp\surefire3672000429455035588\surefirebooter7157192611740881052.jar C:\Users\600001038\AppData\Local\Temp\surefire3672000429455035588 2021-08-20T09-19-07_228-jvmRun1 surefire3451470506663955712tmp surefire_04682623011942436155tmp"/>
    <property name="jdk.debug" value="release"/>
    <property name="surefire.test.class.path" value="C:\Users\600001038\IdeaProjects\WFRegressionTest\target\test-classes;C:\Users\600001038\IdeaProjects\WFRegressionTest\target\classes;C:\Users\600001038\.m2\repository\com\intuit\karate\karate-junit5\1.0.1\karate-junit5-1.0.1.jar;C:\Users\600001038\.m2\repository\com\intuit\karate\karate-core\1.0.1\karate-core-1.0.1.jar;C:\Users\600001038\.m2\repository\org\graalvm\js\js-scriptengine\21.0.0\js-scriptengine-21.0.0.jar;C:\Users\600001038\.m2\repository\org\graalvm\sdk\graal-sdk\21.0.0\graal-sdk-21.0.0.jar;C:\Users\600001038\.m2\repository\org\graalvm\js\js\21.0.0\js-21.0.0.jar;C:\Users\600001038\.m2\repository\org\graalvm\regex\regex\21.0.0\regex-21.0.0.jar;C:\Users\600001038\.m2\repository\org\graalvm\truffle\truffle-api\21.0.0\truffle-api-21.0.0.jar;C:\Users\600001038\.m2\repository\com\ibm\icu\icu4j\67.1\icu4j-67.1.jar;C:\Users\600001038\.m2\repository\ch\qos\logback\logback-classic\1.2.3\logback-classic-1.2.3.jar;C:\Users\600001038\.m2\repository\ch\qos\logback\logback-core\1.2.3\logback-core-1.2.3.jar;C:\Users\600001038\.m2\repository\org\slf4j\slf4j-api\1.7.25\slf4j-api-1.7.25.jar;C:\Users\600001038\.m2\repository\org\slf4j\jcl-over-slf4j\1.7.25\jcl-over-slf4j-1.7.25.jar;C:\Users\600001038\.m2\repository\com\jayway\jsonpath\json-path\2.5.0\json-path-2.5.0.jar;C:\Users\600001038\.m2\repository\net\minidev\json-smart\2.3\json-smart-2.3.jar;C:\Users\600001038\.m2\repository\net\minidev\accessors-smart\1.2\accessors-smart-1.2.jar;C:\Users\600001038\.m2\repository\org\ow2\asm\asm\5.0.4\asm-5.0.4.jar;C:\Users\600001038\.m2\repository\info\cukes\cucumber-java\1.2.5\cucumber-java-1.2.5.jar;C:\Users\600001038\.m2\repository\info\cukes\cucumber-core\1.2.5\cucumber-core-1.2.5.jar;C:\Users\600001038\.m2\repository\org\yaml\snakeyaml\1.27\snakeyaml-1.27.jar;C:\Users\600001038\.m2\repository\de\siegmar\fastcsv\1.0.4\fastcsv-1.0.4.jar;C:\Users\600001038\.m2\repository\info\picocli\picocli\4.5.2\picocli-4.5.2.jar;C:\Users\600001038\.m2\repository\org\junit\jupiter\junit-jupiter-api\5.7.0\junit-jupiter-api-5.7.0.jar;C:\Users\600001038\.m2\repository\org\apiguardian\apiguardian-api\1.1.0\apiguardian-api-1.1.0.jar;C:\Users\600001038\.m2\repository\org\opentest4j\opentest4j\1.2.0\opentest4j-1.2.0.jar;C:\Users\600001038\.m2\repository\org\junit\platform\junit-platform-commons\1.7.0\junit-platform-commons-1.7.0.jar;C:\Users\600001038\.m2\repository\org\junit\jupiter\junit-jupiter-engine\5.7.0\junit-jupiter-engine-5.7.0.jar;C:\Users\600001038\.m2\repository\org\junit\platform\junit-platform-engine\1.7.0\junit-platform-engine-1.7.0.jar;C:\Users\600001038\.m2\repository\net\masterthought\cucumber-reporting\3.8.0\cucumber-reporting-3.8.0.jar;C:\Users\600001038\.m2\repository\org\apache\logging\log4j\log4j-api\2.6\log4j-api-2.6.jar;C:\Users\600001038\.m2\repository\org\apache\logging\log4j\log4j-core\2.6\log4j-core-2.6.jar;C:\Users\600001038\.m2\repository\com\fasterxml\jackson\core\jackson-databind\2.8.5\jackson-databind-2.8.5.jar;C:\Users\600001038\.m2\repository\com\fasterxml\jackson\core\jackson-annotations\2.8.0\jackson-annotations-2.8.0.jar;C:\Users\600001038\.m2\repository\com\fasterxml\jackson\core\jackson-core\2.8.5\jackson-core-2.8.5.jar;C:\Users\600001038\.m2\repository\org\apache\velocity\velocity\1.7\velocity-1.7.jar;C:\Users\600001038\.m2\repository\commons-collections\commons-collections\3.2.1\commons-collections-3.2.1.jar;C:\Users\600001038\.m2\repository\commons-lang\commons-lang\2.4\commons-lang-2.4.jar;C:\Users\600001038\.m2\repository\velocity-tools\velocity-tools\1.4\velocity-tools-1.4.jar;C:\Users\600001038\.m2\repository\joda-time\joda-time\2.9.6\joda-time-2.9.6.jar;C:\Users\600001038\.m2\repository\org\apache\commons\commons-lang3\3.5\commons-lang3-3.5.jar;C:\Users\600001038\.m2\repository\commons-io\commons-io\2.5\commons-io-2.5.jar;C:\Users\600001038\.m2\repository\net\lingala\zip4j\zip4j\1.3.2\zip4j-1.3.2.jar;C:\Users\600001038\.m2\repository\org\codehaus\plexus\plexus-utils\3.0.24\plexus-utils-3.0.24.jar;C:\Users\600001038\.m2\repository\org\jsoup\jsoup\1.10.1\jsoup-1.10.1.jar;C:\Users\600001038\.m2\repository\com\googlecode\owasp-java-html-sanitizer\owasp-java-html-sanitizer\20160924.1\owasp-java-html-sanitizer-20160924.1.jar;C:\Users\600001038\.m2\repository\com\google\guava\guava\20.0\guava-20.0.jar;"/>
    <property name="sun.cpu.endian" value="little"/>
    <property name="user.home" value="C:\Users\600001038"/>
    <property name="user.language" value="en"/>
    <property name="java.specification.vendor" value="Oracle Corporation"/>
    <property name="java.version.date" value="2021-04-20"/>
    <property name="java.home" value="C:\Program Files\Java\jdk-16.0.1"/>
    <property name="file.separator" value="\"/>
    <property name="basedir" value="C:\Users\600001038\IdeaProjects\WFRegressionTest"/>
    <property name="java.vm.compressedOopsMode" value="32-bit"/>
    <property name="line.separator" value="&#10;"/>
    <property name="java.vm.specification.vendor" value="Oracle Corporation"/>
    <property name="java.specification.name" value="Java Platform API Specification"/>
    <property name="surefire.real.class.path" value="C:\Users\600001~1\AppData\Local\Temp\surefire3672000429455035588\surefirebooter7157192611740881052.jar"/>
    <property name="user.script" value=""/>
    <property name="sun.management.compiler" value="HotSpot 64-Bit Tiered Compilers"/>
    <property name="java.runtime.version" value="16.0.1+9-24"/>
    <property name="user.name" value="600001038"/>
    <property name="path.separator" value=";"/>
    <property name="os.version" value="10.0"/>
    <property name="java.runtime.name" value="OpenJDK Runtime Environment"/>
    <property name="file.encoding" value="Cp1252"/>
    <property name="java.vm.name" value="OpenJDK 64-Bit Server VM"/>
    <property name="localRepository" value="C:\Users\600001038\.m2\repository"/>
    <property name="java.vendor.url.bug" value="https://bugreport.java.com/bugreport/"/>
    <property name="java.io.tmpdir" value="C:\Users\600001~1\AppData\Local\Temp\"/>
    <property name="java.version" value="16.0.1"/>
    <property name="user.dir" value="C:\Users\600001038\IdeaProjects\WFRegressionTest"/>
    <property name="os.arch" value="amd64"/>
    <property name="java.vm.specification.name" value="Java Virtual Machine Specification"/>
    <property name="sun.os.patch.level" value=""/>
    <property name="java.library.path" value="C:\Program Files\Java\jdk-16.0.1\bin;C:\WINDOWS\Sun\Java\bin;C:\WINDOWS\system32;C:\WINDOWS;H:\bin;C:\developer\Tools\Git\2.30.0.2\mingw64\bin;C:\developer\Tools\Git\2.30.0.2\usr\local\bin;C:\developer\Tools\Git\2.30.0.2\usr\bin;C:\developer\Tools\Git\2.30.0.2\usr\bin;C:\developer\Tools\Git\2.30.0.2\mingw64\bin;C:\developer\Tools\Git\2.30.0.2\usr\bin;H:\bin;C:\Program Files\Microsoft MPI\Bin;C:\Program Files (x86)\Common Files\Oracle\Java\javapath;C:\WINDOWS\System32\Oracle12cR1\bin;C:\WINDOWS\system32;C:\WINDOWS;C:\WINDOWS\System32\Wbem;C:\WINDOWS\System32\WindowsPowerShell\v1.0;C:\WINDOWS\System32\OpenSSH;C:\Program Files (x86)\IBM\Client Access\Emulator;C:\Program Files (x86)\IBM\Client Access\Shared;C:\Program Files (x86)\IBM\Client Access;C:\ProgramData\chocolatey\bin;C:\Program Files\Microsoft VS Code\bin;C:\Program Files\TortoiseGit\bin;C:\Program Files (x86)\Microsoft SQL Server\150\DTS\Binn;C:\Program Files\Azure Data Studio\bin;C:\Program Files\Microsoft\Web Platform Installer;C:\Program Files (x86)\Microsoft SQL Server\130\Tools\Binn;C:\Program Files\Microsoft SQL Server\130\Tools\Binn;C:\Program Files (x86)\Microsoft SQL Server\130\DTS\Binn;C:\Program Files\Microsoft SQL Server\130\DTS\Binn;C:\Program Files\Microsoft SQL Server\Client SDK\ODBC\130\Tools\Binn;C:\developer\chocolatey\bin;C:\developer\Tools\Git\2.30.0.2\cmd;C:\Program Files (x86)\Sennheiser\SenncomSDK;C:\Program Files\nodejs;C:\Program Files\Java\jdk-16.0.1\bin;C:\Users\600001038\AppData\Local\Microsoft\WindowsApps;C:\Data\apache-maven-3.8.1\bin;C:\developer\Tools\Git\2.30.0.2\usr\bin\vendor_perl;C:\developer\Tools\Git\2.30.0.2\usr\bin\core_perl;."/>
    <property name="java.vm.info" value="mixed mode, sharing"/>
    <property name="java.vendor" value="Oracle Corporation"/>
    <property name="java.vm.version" value="16.0.1+9-24"/>
    <property name="sun.io.unicode.encoding" value="UnicodeLittle"/>
    <property name="java.class.version" value="60.0"/>
  </properties>
  <testcase name="test1" classname="wflclaim.TestRunner" time="8.689">
    <failure message="status code was: 200, expected: 400, response time in milliseconds: 84, url: http://aws07wflapp02.aws07.wfl.cloud:8080/wfl-app/services/wfl-claims-rs/v1/claims?claimNumber=C1392, response: &#10;[ {&#10;  &quot;claimSubStatusCd&quot; : null,&#10;  &quot;policy&quot; : {&#10;    &quot;termEffectiveDate&quot; : &quot;2021-01-01T00:00:00Z&quot;,&#10;    &quot;termExpirationDate&quot; : &quot;2022-01-01T00:00:00Z&quot;,&#10;    &quot;inceptionDate&quot; : null,&#10;    &quot;componentName&quot; : null,&#10;    &quot;riskItems&quot; : null,&#10;    &quot;parties&quot; : [ {&#10;      &quot;namePrefix&quot; : null,&#10;      &quot;firstName&quot; : &quot;Test 22&quot;,&#10;      &quot;middleName&quot; : null,&#10;      &quot;lastName&quot; : &quot;Test&quot;,&#10;      &quot;otherName&quot; : null,&#10;      &quot;nameTypeCd&quot; : null,&#10;      &quot;oid&quot; : null,&#10;      &quot;contactPreferenceCd&quot; : null,&#10;      &quot;displayValue&quot; : null,&#10;      &quot;relationShipToInsuredCd&quot; : null,&#10;      &quot;addresses&quot; : null,&#10;      &quot;componentName&quot; : null,&#10;      &quot;extension&quot; : { },&#10;      &quot;emails&quot; : null,&#10;      &quot;phones&quot; : null,&#10;      &quot;roles&quot; : null,&#10;      &quot;birthDt&quot; : null,&#10;      &quot;partyNumber&quot; : null,&#10;      &quot;companyNumber&quot; : null,&#10;      &quot;externalId&quot; : null,&#10;      &quot;preferredPaymentMethod&quot; : null,&#10;      &quot;bankAccountInfo&quot; : null,&#10;      &quot;bankName&quot; : null,&#10;      &quot;bankAccountNumber&quot; : null,&#10;      &quot;accountHolderName&quot; : null,&#10;      &quot;bankTransitNumber&quot; : null,&#10;      &quot;bankCd&quot; : null,&#10;      &quot;bankBranchCd&quot; : null,&#10;      &quot;bankAccountType&quot; : null,&#10;      &quot;additionalNameInd&quot; : null,&#10;      &quot;additionalName&quot; : null,&#10;      &quot;instanceName&quot; : null,&#10;      &quot;type&quot; : null,&#10;      &quot;partyRoles&quot; : null,&#10;      &quot;externalPartyInd&quot; : false,&#10;      &quot;suffix&quot; : null&#10;    } ],&#10;    &quot;policyNumber&quot; : &quot;CP0000863460&quot;,&#10;    &quot;productCd&quot; : &quot;GB_AC&quot;,&#10;    &quot;productVersion&quot; : null,&#10;    &quot;verified&quot; : null,&#10;    &quot;policyStatus&quot; : &quot;ACTIVE&quot;,&#10;    &quot;policyLOB&quot; : &quot;ACC&quot;,&#10;    &quot;policyBLOB&quot; : null,&#10;    &quot;reportedPolicyNumber&quot; : &quot;CP0000863460&quot;&#10;  },&#10;  &quot;claimNumber&quot; : &quot;C1392&quot;,&#10;  &quot;additionalClaimNumber&quot; : &quot;OC1392&quot;,&#10;  &quot;claimStatusCd&quot; : &quot;CLOSED&quot;,&#10;  &quot;lossDt&quot; : &quot;2021-07-16T00:00:00Z&quot;,&#10;  &quot;lossDesc&quot; : &quot;test&quot;,&#10;  &quot;customerNumber&quot; : &quot;520181&quot;,&#10;  &quot;reportedDt&quot; : &quot;2021-07-16T18:31:00Z&quot;,&#10;  &quot;policyNumber&quot; : &quot;CP0000863460&quot;,&#10;  &quot;policyProductCd&quot; : &quot;GB_AC&quot;,&#10;  &quot;knownTimeInd&quot; : null,&#10;  &quot;lineOfBusinessCd&quot; : &quot;ACC&quot;,&#10;  &quot;productVersion&quot; : null,&#10;  &quot;causeOfLossCd&quot; : null,&#10;  &quot;lossLocationDesc&quot; : null,&#10;  &quot;lossLocation&quot; : null,&#10;  &quot;secondaryLossCauseCd&quot; : null,&#10;  &quot;reportingMethod&quot; : null,&#10;  &quot;parties&quot; : null,&#10;  &quot;addresses&quot; : null,&#10;  &quot;componentName&quot; : null,&#10;  &quot;policyProductVersion&quot; : null,&#10;  &quot;totalIncurred&quot; : {&#10;    &quot;amount&quot; : 0.00,&#10;    &quot;currencyCd&quot; : &quot;USD&quot;&#10;  },&#10;  &quot;fileOwner&quot; : {&#10;    &quot;typeCd&quot; : null,&#10;    &quot;refId&quot; : null,&#10;    &quot;displayValue&quot; : &quot;New Claims – Accident CI HI&quot;&#10;  },&#10;  &quot;claimsPolicyStatus&quot; : null,&#10;  &quot;extension&quot; : { },&#10;  &quot;selectedRiskItemOids&quot; : null,&#10;  &quot;currencyCd&quot; : null,&#10;  &quot;typeOfResolution&quot; : &quot;WITHDRAWN&quot;,&#10;  &quot;productCd&quot; : &quot;CLAIM_ACC_HEALTH&quot;&#10;} ]&#10;classpath:wflclaim/getClaim.feature:31 ==&gt; expected: &lt;0&gt; but was: &lt;1&gt;" type="org.opentest4j.AssertionFailedError"><![CDATA[org.opentest4j.AssertionFailedError: 
status code was: 200, expected: 400, response time in milliseconds: 84, url: http://aws07wflapp02.aws07.wfl.cloud:8080/wfl-app/services/wfl-claims-rs/v1/claims?claimNumber=C1392, response: 
[ {
  "claimSubStatusCd" : null,
  "policy" : {
    "termEffectiveDate" : "2021-01-01T00:00:00Z",
    "termExpirationDate" : "2022-01-01T00:00:00Z",
    "inceptionDate" : null,
    "componentName" : null,
    "riskItems" : null,
    "parties" : [ {
      "namePrefix" : null,
      "firstName" : "Test 22",
      "middleName" : null,
      "lastName" : "Test",
      "otherName" : null,
      "nameTypeCd" : null,
      "oid" : null,
      "contactPreferenceCd" : null,
      "displayValue" : null,
      "relationShipToInsuredCd" : null,
      "addresses" : null,
      "componentName" : null,
      "extension" : { },
      "emails" : null,
      "phones" : null,
      "roles" : null,
      "birthDt" : null,
      "partyNumber" : null,
      "companyNumber" : null,
      "externalId" : null,
      "preferredPaymentMethod" : null,
      "bankAccountInfo" : null,
      "bankName" : null,
      "bankAccountNumber" : null,
      "accountHolderName" : null,
      "bankTransitNumber" : null,
      "bankCd" : null,
      "bankBranchCd" : null,
      "bankAccountType" : null,
      "additionalNameInd" : null,
      "additionalName" : null,
      "instanceName" : null,
      "type" : null,
      "partyRoles" : null,
      "externalPartyInd" : false,
      "suffix" : null
    } ],
    "policyNumber" : "CP0000863460",
    "productCd" : "GB_AC",
    "productVersion" : null,
    "verified" : null,
    "policyStatus" : "ACTIVE",
    "policyLOB" : "ACC",
    "policyBLOB" : null,
    "reportedPolicyNumber" : "CP0000863460"
  },
  "claimNumber" : "C1392",
  "additionalClaimNumber" : "OC1392",
  "claimStatusCd" : "CLOSED",
  "lossDt" : "2021-07-16T00:00:00Z",
  "lossDesc" : "test",
  "customerNumber" : "520181",
  "reportedDt" : "2021-07-16T18:31:00Z",
  "policyNumber" : "CP0000863460",
  "policyProductCd" : "GB_AC",
  "knownTimeInd" : null,
  "lineOfBusinessCd" : "ACC",
  "productVersion" : null,
  "causeOfLossCd" : null,
  "lossLocationDesc" : null,
  "lossLocation" : null,
  "secondaryLossCauseCd" : null,
  "reportingMethod" : null,
  "parties" : null,
  "addresses" : null,
  "componentName" : null,
  "policyProductVersion" : null,
  "totalIncurred" : {
    "amount" : 0.00,
    "currencyCd" : "USD"
  },
  "fileOwner" : {
    "typeCd" : null,
    "refId" : null,
    "displayValue" : "New Claims – Accident CI HI"
  },
  "claimsPolicyStatus" : null,
  "extension" : { },
  "selectedRiskItemOids" : null,
  "currencyCd" : null,
  "typeOfResolution" : "WITHDRAWN",
  "productCd" : "CLAIM_ACC_HEALTH"
} ]
classpath:wflclaim/getClaim.feature:31 ==> expected: <0> but was: <1>
	at wflclaim.TestRunner.test1(TestRunner.java:30)
]]></failure>
    <system-out><![CDATA[09:19:11.217 [main] DEBUG com.intuit.karate.Suite - [config] classpath:karate-config.js
09:19:13.282 [main] DEBUG com.intuit.karate - request:
1 > GET http://aws07wflapp02.aws07.wfl.cloud:8080/wfl-app/services/wfl-claims-rs/v1/claims?claimNumber=C1392
1 > Authorization: Basic cWE6cWE=
1 > Host: aws07wflapp02.aws07.wfl.cloud:8080
1 > Connection: Keep-Alive
1 > User-Agent: Apache-HttpClient/4.5.13 (Java/16.0.1)
1 > Accept-Encoding: gzip,deflate


09:19:13.504 [main] DEBUG com.intuit.karate - response time in milliseconds: 170
1 < 200
1 < Content-Language: en
1 < Date: Fri, 20 Aug 2021 13:19:13 GMT
1 < Content-Type: application/json;charset=UTF-8
1 < Transfer-Encoding: chunked
[{"addresses":null,"extension":{},"currencyCd":null,"policyNumber":"CP0000863460","lossDt":"2021-07-16T00:00:00Z","lossDesc":"test","typeOfResolution":"WITHDRAWN","productVersion":null,"selectedRiskItemOids":null,"knownTimeInd":null,"componentName":null,"causeOfLossCd":null,"lossLocationDesc":null,"claimNumber":"C1392","policy":{"termExpirationDate":"2022-01-01T00:00:00Z","policyLOB":"ACC","riskItems":null,"policyNumber":"CP0000863460","verified":null,"policyStatus":"ACTIVE","productVersion":null,"inceptionDate":null,"parties":[{"nameTypeCd":null,"lastName":"Test","addresses":null,"extension":{},"bankAccountInfo":null,"instanceName":null,"roles":null,"phones":null,"bankName":null,"oid":null,"type":null,"suffix":null,"relationShipToInsuredCd":null,"accountHolderName":null,"emails":null,"contactPreferenceCd":null,"preferredPaymentMethod":null,"companyNumber":null,"namePrefix":null,"bankBranchCd":null,"bankAccountNumber":null,"componentName":null,"bankTransitNumber":null,"birthDt":null,"externalId":null,"additionalNameInd":null,"externalPartyInd":false,"partyRoles":null,"displayValue":null,"firstName":"Test 22","bankAccountType":null,"bankCd":null,"middleName":null,"otherName":null,"partyNumber":null,"additionalName":null}],"termEffectiveDate":"2021-01-01T00:00:00Z","componentName":null,"reportedPolicyNumber":"CP0000863460","policyBLOB":null,"productCd":"GB_AC"},"reportingMethod":null,"reportedDt":"2021-07-16T18:31:00Z","totalIncurred":{"amount":0.0,"currencyCd":"USD"},"policyProductCd":"GB_AC","customerNumber":"520181","claimsPolicyStatus":null,"lineOfBusinessCd":"ACC","claimStatusCd":"CLOSED","claimSubStatusCd":null,"additionalClaimNumber":"OC1392","lossLocation":null,"parties":null,"secondaryLossCauseCd":null,"fileOwner":{"displayValue":"New Claims \u2013 Accident CI HI","typeCd":null,"refId":null},"policyProductVersion":null,"productCd":"CLAIM_ACC_HEALTH"}]
09:19:13.532 [main] INFO  com.intuit.karate - [print] [
  {
    "addresses": null,
    "extension": {
    },
    "currencyCd": null,
    "policyNumber": "CP0000863460",
    "lossDt": "2021-07-16T00:00:00Z",
    "lossDesc": "test",
    "typeOfResolution": "WITHDRAWN",
    "productVersion": null,
    "selectedRiskItemOids": null,
    "knownTimeInd": null,
    "componentName": null,
    "causeOfLossCd": null,
    "lossLocationDesc": null,
    "claimNumber": "C1392",
    "policy": {
      "termExpirationDate": "2022-01-01T00:00:00Z",
      "policyLOB": "ACC",
      "riskItems": null,
      "policyNumber": "CP0000863460",
      "verified": null,
      "policyStatus": "ACTIVE",
      "productVersion": null,
      "inceptionDate": null,
      "parties": [
        {
          "nameTypeCd": null,
          "lastName": "Test",
          "addresses": null,
          "extension": {
          },
          "bankAccountInfo": null,
          "instanceName": null,
          "roles": null,
          "phones": null,
          "bankName": null,
          "oid": null,
          "type": null,
          "suffix": null,
          "relationShipToInsuredCd": null,
          "accountHolderName": null,
          "emails": null,
          "contactPreferenceCd": null,
          "preferredPaymentMethod": null,
          "companyNumber": null,
          "namePrefix": null,
          "bankBranchCd": null,
          "bankAccountNumber": null,
          "componentName": null,
          "bankTransitNumber": null,
          "birthDt": null,
          "externalId": null,
          "additionalNameInd": null,
          "externalPartyInd": false,
          "partyRoles": null,
          "displayValue": null,
          "firstName": "Test 22",
          "bankAccountType": null,
          "bankCd": null,
          "middleName": null,
          "otherName": null,
          "partyNumber": null,
          "additionalName": null
        }
      ],
      "termEffectiveDate": "2021-01-01T00:00:00Z",
      "componentName": null,
      "reportedPolicyNumber": "CP0000863460",
      "policyBLOB": null,
      "productCd": "GB_AC"
    },
    "reportingMethod": null,
    "reportedDt": "2021-07-16T18:31:00Z",
    "totalIncurred": {
      "amount": 0.0,
      "currencyCd": "USD"
    },
    "policyProductCd": "GB_AC",
    "customerNumber": "520181",
    "claimsPolicyStatus": null,
    "lineOfBusinessCd": "ACC",
    "claimStatusCd": "CLOSED",
    "claimSubStatusCd": null,
    "additionalClaimNumber": "OC1392",
    "lossLocation": null,
    "parties": null,
    "secondaryLossCauseCd": null,
    "fileOwner": {
      "displayValue": "New Claims \u2013 Accident CI HI",
      "typeCd": null,
      "refId": null
    },
    "policyProductVersion": null,
    "productCd": "CLAIM_ACC_HEALTH"
  }
]
 
09:19:13.540 [main] INFO  com.intuit.karate - [print] =========Validating field values in response================= : 
09:19:13.614 [main] DEBUG com.intuit.karate - request:
1 > GET http://aws07wflapp02.aws07.wfl.cloud:8080/wfl-app/services/wfl-claims-rs/v1/claims?claimNumber=C1392
1 > Authorization: Basic cWE6cWE=
1 > Host: aws07wflapp02.aws07.wfl.cloud:8080
1 > Connection: Keep-Alive
1 > User-Agent: Apache-HttpClient/4.5.13 (Java/16.0.1)
1 > Accept-Encoding: gzip,deflate


09:19:13.700 [main] DEBUG com.intuit.karate - response time in milliseconds: 84
1 < 200
1 < Content-Language: en
1 < Date: Fri, 20 Aug 2021 13:19:13 GMT
1 < Content-Type: application/json;charset=UTF-8
1 < Transfer-Encoding: chunked
[{"addresses":null,"extension":{},"currencyCd":null,"policyNumber":"CP0000863460","lossDt":"2021-07-16T00:00:00Z","lossDesc":"test","typeOfResolution":"WITHDRAWN","productVersion":null,"selectedRiskItemOids":null,"knownTimeInd":null,"componentName":null,"causeOfLossCd":null,"lossLocationDesc":null,"claimNumber":"C1392","policy":{"termExpirationDate":"2022-01-01T00:00:00Z","policyLOB":"ACC","riskItems":null,"policyNumber":"CP0000863460","verified":null,"policyStatus":"ACTIVE","productVersion":null,"inceptionDate":null,"parties":[{"nameTypeCd":null,"lastName":"Test","addresses":null,"extension":{},"bankAccountInfo":null,"instanceName":null,"roles":null,"phones":null,"bankName":null,"oid":null,"type":null,"suffix":null,"relationShipToInsuredCd":null,"accountHolderName":null,"emails":null,"contactPreferenceCd":null,"preferredPaymentMethod":null,"companyNumber":null,"namePrefix":null,"bankBranchCd":null,"bankAccountNumber":null,"componentName":null,"bankTransitNumber":null,"birthDt":null,"externalId":null,"additionalNameInd":null,"externalPartyInd":false,"partyRoles":null,"displayValue":null,"firstName":"Test 22","bankAccountType":null,"bankCd":null,"middleName":null,"otherName":null,"partyNumber":null,"additionalName":null}],"termEffectiveDate":"2021-01-01T00:00:00Z","componentName":null,"reportedPolicyNumber":"CP0000863460","policyBLOB":null,"productCd":"GB_AC"},"reportingMethod":null,"reportedDt":"2021-07-16T18:31:00Z","totalIncurred":{"amount":0.0,"currencyCd":"USD"},"policyProductCd":"GB_AC","customerNumber":"520181","claimsPolicyStatus":null,"lineOfBusinessCd":"ACC","claimStatusCd":"CLOSED","claimSubStatusCd":null,"additionalClaimNumber":"OC1392","lossLocation":null,"parties":null,"secondaryLossCauseCd":null,"fileOwner":{"displayValue":"New Claims \u2013 Accident CI HI","typeCd":null,"refId":null},"policyProductVersion":null,"productCd":"CLAIM_ACC_HEALTH"}]
09:19:13.703 [main] ERROR com.intuit.karate - classpath:wflclaim/getClaim.feature:31
Then status 400
status code was: 200, expected: 400, response time in milliseconds: 84, url: http://aws07wflapp02.aws07.wfl.cloud:8080/wfl-app/services/wfl-claims-rs/v1/claims?claimNumber=C1392, response: 
[ {
  "claimSubStatusCd" : null,
  "policy" : {
    "termEffectiveDate" : "2021-01-01T00:00:00Z",
    "termExpirationDate" : "2022-01-01T00:00:00Z",
    "inceptionDate" : null,
    "componentName" : null,
    "riskItems" : null,
    "parties" : [ {
      "namePrefix" : null,
      "firstName" : "Test 22",
      "middleName" : null,
      "lastName" : "Test",
      "otherName" : null,
      "nameTypeCd" : null,
      "oid" : null,
      "contactPreferenceCd" : null,
      "displayValue" : null,
      "relationShipToInsuredCd" : null,
      "addresses" : null,
      "componentName" : null,
      "extension" : { },
      "emails" : null,
      "phones" : null,
      "roles" : null,
      "birthDt" : null,
      "partyNumber" : null,
      "companyNumber" : null,
      "externalId" : null,
      "preferredPaymentMethod" : null,
      "bankAccountInfo" : null,
      "bankName" : null,
      "bankAccountNumber" : null,
      "accountHolderName" : null,
      "bankTransitNumber" : null,
      "bankCd" : null,
      "bankBranchCd" : null,
      "bankAccountType" : null,
      "additionalNameInd" : null,
      "additionalName" : null,
      "instanceName" : null,
      "type" : null,
      "partyRoles" : null,
      "externalPartyInd" : false,
      "suffix" : null
    } ],
    "policyNumber" : "CP0000863460",
    "productCd" : "GB_AC",
    "productVersion" : null,
    "verified" : null,
    "policyStatus" : "ACTIVE",
    "policyLOB" : "ACC",
    "policyBLOB" : null,
    "reportedPolicyNumber" : "CP0000863460"
  },
  "claimNumber" : "C1392",
  "additionalClaimNumber" : "OC1392",
  "claimStatusCd" : "CLOSED",
  "lossDt" : "2021-07-16T00:00:00Z",
  "lossDesc" : "test",
  "customerNumber" : "520181",
  "reportedDt" : "2021-07-16T18:31:00Z",
  "policyNumber" : "CP0000863460",
  "policyProductCd" : "GB_AC",
  "knownTimeInd" : null,
  "lineOfBusinessCd" : "ACC",
  "productVersion" : null,
  "causeOfLossCd" : null,
  "lossLocationDesc" : null,
  "lossLocation" : null,
  "secondaryLossCauseCd" : null,
  "reportingMethod" : null,
  "parties" : null,
  "addresses" : null,
  "componentName" : null,
  "policyProductVersion" : null,
  "totalIncurred" : {
    "amount" : 0.00,
    "currencyCd" : "USD"
  },
  "fileOwner" : {
    "typeCd" : null,
    "refId" : null,
    "displayValue" : "New Claims – Accident CI HI"
  },
  "claimsPolicyStatus" : null,
  "extension" : { },
  "selectedRiskItemOids" : null,
  "currencyCd" : null,
  "typeOfResolution" : "WITHDRAWN",
  "productCd" : "CLAIM_ACC_HEALTH"
} ]
classpath:wflclaim/getClaim.feature:31
---------------------------------------------------------
feature: classpath:wflclaim/getClaim.feature
scenarios:  2 | passed:  1 | failed:  1 | time: 0.9536
---------------------------------------------------------

09:19:15.095 [main] INFO  com.intuit.karate.Suite - <<fail>> feature 1 of 2 (0 remaining) classpath:wflclaim/getClaim.feature
09:19:15.137 [main] DEBUG com.intuit.karate - request:
1 > GET http://aws07wflapp02.aws07.wfl.cloud:8080/wfl-app/services/customercore-rs/v1/customers/details?customerNumber=510377
1 > Authorization: Basic cWE6cWE=
1 > Host: aws07wflapp02.aws07.wfl.cloud:8080
1 > Connection: Keep-Alive
1 > User-Agent: Apache-HttpClient/4.5.13 (Java/16.0.1)
1 > Accept-Encoding: gzip,deflate


09:19:15.288 [main] DEBUG com.intuit.karate - response time in milliseconds: 150
1 < 200
1 < Content-Language: en
1 < X-Paging-Limit: 10
1 < X-Paging-Offset: 0
1 < X-Total-Count: 1
1 < Date: Fri, 20 Aug 2021 13:19:15 GMT
1 < Content-Type: application/json;charset=UTF-8
1 < Transfer-Encoding: chunked
[{"addresses":[{"temporary":false,"city":"Walnut Creek","postalCode":"94596","latitude":null,"countryCd":"US","county":null,"accuracy":null,"contactType":"residence","referenceId":null,"effectiveTo":null,"duration":null,"subdivision":null,"extensionFields":{},"validationIndicator":null,"stateProvCd":"CA","addressLine1":"Address97144281","addressLine2":"","id":7905231,"addressLine3":"","contactMethod":"ADDRESS","longitude":null,"inCareOf":null,"preferredInd":null,"communicationPreferences":[],"attention":null,"comment":null,"doNotSolicitInd":null,"effectiveFrom":null}],"preferredSpokenLanguageCd":"ENGLISH","registeredOnline":false,"individualDetails":{"lastName":"Smith09877373","associateEmployments":false,"designationDescription":null,"deceased":false,"occupationDescription":null,"title":null,"suffix":null,"associateBusinessEntity":false,"extensionFields":{},"genderCd":"male","nickname":null,"deathDate":null,"associateProviders":false,"occupationCd":null,"designationCd":null,"birthDate":"1995-09-02","firstName":"John87780675","deathNotificationReceived":false,"disabilities":[],"maritalStatusCd":null,"taxId":"046-42-2369","citizenshipCd":null,"tobaccoCd":"YES","middleName":"","interests":[]},"majorAccount":null,"lastUpdateDate":"2020-09-02T08:44:02.380Z","preferredCurrency":null,"phones":[],"sourceCd":"UNKNOWN","socialNets":[],"rateDatePayment":null,"businessCustomerAdditionalNames":null,"segments":[],"customerStatus":"CUSTOMER","emails":[],"webAddresses":[],"specialClaimReview":false,"archived":false,"customerType":"INDV","sourceOfExchangeRate":null,"extensionFields":{},"groupInfo":[],"preferredWrittenLanguageCd":"ENGLISH","customerEmployments":null,"paperless":false,"agencies":[],"indCustomerAdditionalNames":[],"businessDetails":null,"customerNumber":"510377","accountNumber":"610377","genericRelationships":[],"displayValue":"John87780675 Smith09877373","ratingCd":"UNKNOWN","preferredContactMethod":null,"navigationLinks":[],"chats":[],"rateDateIntake":null,"brandCd":null,"providers":null}]
09:19:15.291 [main] INFO  com.intuit.karate - [print] [
  {
    "addresses": [
      {
        "temporary": false,
        "city": "Walnut Creek",
        "postalCode": "94596",
        "latitude": null,
        "countryCd": "US",
        "county": null,
        "accuracy": null,
        "contactType": "residence",
        "referenceId": null,
        "effectiveTo": null,
        "duration": null,
        "subdivision": null,
        "extensionFields": {
        },
        "validationIndicator": null,
        "stateProvCd": "CA",
        "addressLine1": "Address97144281",
        "addressLine2": "",
        "id": 7905231,
        "addressLine3": "",
        "contactMethod": "ADDRESS",
        "longitude": null,
        "inCareOf": null,
        "preferredInd": null,
        "communicationPreferences": [
        ],
        "attention": null,
        "comment": null,
        "doNotSolicitInd": null,
        "effectiveFrom": null
      }
    ],
    "preferredSpokenLanguageCd": "ENGLISH",
    "registeredOnline": false,
    "individualDetails": {
      "lastName": "Smith09877373",
      "associateEmployments": false,
      "designationDescription": null,
      "deceased": false,
      "occupationDescription": null,
      "title": null,
      "suffix": null,
      "associateBusinessEntity": false,
      "extensionFields": {
      },
      "genderCd": "male",
      "nickname": null,
      "deathDate": null,
      "associateProviders": false,
      "occupationCd": null,
      "designationCd": null,
      "birthDate": "1995-09-02",
      "firstName": "John87780675",
      "deathNotificationReceived": false,
      "disabilities": [
      ],
      "maritalStatusCd": null,
      "taxId": "046-42-2369",
      "citizenshipCd": null,
      "tobaccoCd": "YES",
      "middleName": "",
      "interests": [
      ]
    },
    "majorAccount": null,
    "lastUpdateDate": "2020-09-02T08:44:02.380Z",
    "preferredCurrency": null,
    "phones": [
    ],
    "sourceCd": "UNKNOWN",
    "socialNets": [
    ],
    "rateDatePayment": null,
    "businessCustomerAdditionalNames": null,
    "segments": [
    ],
    "customerStatus": "CUSTOMER",
    "emails": [
    ],
    "webAddresses": [
    ],
    "specialClaimReview": false,
    "archived": false,
    "customerType": "INDV",
    "sourceOfExchangeRate": null,
    "extensionFields": {
    },
    "groupInfo": [
    ],
    "preferredWrittenLanguageCd": "ENGLISH",
    "customerEmployments": null,
    "paperless": false,
    "agencies": [
    ],
    "indCustomerAdditionalNames": [
    ],
    "businessDetails": null,
    "customerNumber": "510377",
    "accountNumber": "610377",
    "genericRelationships": [
    ],
    "displayValue": "John87780675 Smith09877373",
    "ratingCd": "UNKNOWN",
    "preferredContactMethod": null,
    "navigationLinks": [
    ],
    "chats": [
    ],
    "rateDateIntake": null,
    "brandCd": null,
    "providers": null
  }
]
 
09:19:15.293 [main] INFO  com.intuit.karate - [print] =========Validating field values in response================= : 
09:19:15.308 [main] DEBUG com.intuit.karate - request:
1 > GET http://aws07wflapp02.aws07.wfl.cloud:8080/wfl-app/services/customercore-rs/v1/customers/details?customerNumber=510977
1 > Authorization: Basic cWE6cWE=
1 > Host: aws07wflapp02.aws07.wfl.cloud:8080
1 > Connection: Keep-Alive
1 > User-Agent: Apache-HttpClient/4.5.13 (Java/16.0.1)
1 > Accept-Encoding: gzip,deflate


09:19:15.444 [main] DEBUG com.intuit.karate - response time in milliseconds: 135
1 < 200
1 < Content-Language: en
1 < X-Paging-Limit: 10
1 < X-Paging-Offset: 0
1 < X-Total-Count: 1
1 < Date: Fri, 20 Aug 2021 13:19:15 GMT
1 < Content-Type: application/json;charset=UTF-8
1 < Transfer-Encoding: chunked
[{"addresses":[{"temporary":false,"city":"Test","postalCode":"10928","latitude":null,"countryCd":"US","county":null,"accuracy":null,"contactType":"residence","referenceId":null,"effectiveTo":null,"duration":null,"subdivision":null,"extensionFields":{},"validationIndicator":null,"stateProvCd":"GA","addressLine1":"test lane","addressLine2":"","id":30641766,"addressLine3":"","contactMethod":"ADDRESS","longitude":null,"inCareOf":null,"preferredInd":null,"communicationPreferences":[],"attention":null,"comment":null,"doNotSolicitInd":null,"effectiveFrom":null}],"preferredSpokenLanguageCd":"ENGLISH","registeredOnline":false,"individualDetails":{"lastName":"Miller","associateEmployments":false,"designationDescription":null,"deceased":false,"occupationDescription":null,"title":null,"suffix":null,"associateBusinessEntity":false,"extensionFields":{},"genderCd":"male","nickname":null,"deathDate":null,"associateProviders":false,"occupationCd":null,"designationCd":null,"birthDate":null,"firstName":"John","deathNotificationReceived":false,"disabilities":[],"maritalStatusCd":null,"taxId":"109-12-9289","citizenshipCd":null,"tobaccoCd":null,"middleName":"","interests":[]},"majorAccount":null,"lastUpdateDate":"2020-11-30T22:36:30.737Z","preferredCurrency":null,"phones":[],"sourceCd":"UNKNOWN","socialNets":[],"rateDatePayment":null,"businessCustomerAdditionalNames":null,"segments":[],"customerStatus":"CUSTOMER","emails":[],"webAddresses":[],"specialClaimReview":false,"archived":false,"customerType":"INDV","sourceOfExchangeRate":null,"extensionFields":{},"groupInfo":[],"preferredWrittenLanguageCd":"ENGLISH","customerEmployments":null,"paperless":false,"agencies":[],"indCustomerAdditionalNames":[],"businessDetails":null,"customerNumber":"510977","accountNumber":"610977","genericRelationships":[],"displayValue":"John Miller","ratingCd":"UNKNOWN","preferredContactMethod":null,"navigationLinks":[],"chats":[],"rateDateIntake":null,"brandCd":null,"providers":null}]
09:19:15.446 [main] INFO  com.intuit.karate - [print] [
  {
    "addresses": [
      {
        "temporary": false,
        "city": "Test",
        "postalCode": "10928",
        "latitude": null,
        "countryCd": "US",
        "county": null,
        "accuracy": null,
        "contactType": "residence",
        "referenceId": null,
        "effectiveTo": null,
        "duration": null,
        "subdivision": null,
        "extensionFields": {
        },
        "validationIndicator": null,
        "stateProvCd": "GA",
        "addressLine1": "test lane",
        "addressLine2": "",
        "id": 30641766,
        "addressLine3": "",
        "contactMethod": "ADDRESS",
        "longitude": null,
        "inCareOf": null,
        "preferredInd": null,
        "communicationPreferences": [
        ],
        "attention": null,
        "comment": null,
        "doNotSolicitInd": null,
        "effectiveFrom": null
      }
    ],
    "preferredSpokenLanguageCd": "ENGLISH",
    "registeredOnline": false,
    "individualDetails": {
      "lastName": "Miller",
      "associateEmployments": false,
      "designationDescription": null,
      "deceased": false,
      "occupationDescription": null,
      "title": null,
      "suffix": null,
      "associateBusinessEntity": false,
      "extensionFields": {
      },
      "genderCd": "male",
      "nickname": null,
      "deathDate": null,
      "associateProviders": false,
      "occupationCd": null,
      "designationCd": null,
      "birthDate": null,
      "firstName": "John",
      "deathNotificationReceived": false,
      "disabilities": [
      ],
      "maritalStatusCd": null,
      "taxId": "109-12-9289",
      "citizenshipCd": null,
      "tobaccoCd": null,
      "middleName": "",
      "interests": [
      ]
    },
    "majorAccount": null,
    "lastUpdateDate": "2020-11-30T22:36:30.737Z",
    "preferredCurrency": null,
    "phones": [
    ],
    "sourceCd": "UNKNOWN",
    "socialNets": [
    ],
    "rateDatePayment": null,
    "businessCustomerAdditionalNames": null,
    "segments": [
    ],
    "customerStatus": "CUSTOMER",
    "emails": [
    ],
    "webAddresses": [
    ],
    "specialClaimReview": false,
    "archived": false,
    "customerType": "INDV",
    "sourceOfExchangeRate": null,
    "extensionFields": {
    },
    "groupInfo": [
    ],
    "preferredWrittenLanguageCd": "ENGLISH",
    "customerEmployments": null,
    "paperless": false,
    "agencies": [
    ],
    "indCustomerAdditionalNames": [
    ],
    "businessDetails": null,
    "customerNumber": "510977",
    "accountNumber": "610977",
    "genericRelationships": [
    ],
    "displayValue": "John Miller",
    "ratingCd": "UNKNOWN",
    "preferredContactMethod": null,
    "navigationLinks": [
    ],
    "chats": [
    ],
    "rateDateIntake": null,
    "brandCd": null,
    "providers": null
  }
]
 
09:19:15.448 [main] INFO  com.intuit.karate - [print] =========Validating field values in response================= : 
---------------------------------------------------------
feature: classpath:wflclaim/getCustomerNumber.feature
scenarios:  2 | passed:  2 | failed:  0 | time: 0.3102
---------------------------------------------------------

09:19:15.690 [main] INFO  com.intuit.karate.Suite - <<pass>> feature 2 of 2 (0 remaining) classpath:wflclaim/getCustomerNumber.feature
09:19:15.702 [main] DEBUG com.intuit.karate.Suite - waiting for 2 features to complete
Karate version: 1.0.1
======================================================
elapsed:   5.92 | threads:    1 | thread time: 1.26 
features:     2 | skipped:    0 | efficiency: 0.21
scenarios:    4 | passed:     3 | failed: 1
======================================================
>>> failed features:
status code was: 200, expected: 400, response time in milliseconds: 84, url: http://aws07wflapp02.aws07.wfl.cloud:8080/wfl-app/services/wfl-claims-rs/v1/claims?claimNumber=C1392, response: 
[ {
  "claimSubStatusCd" : null,
  "policy" : {
    "termEffectiveDate" : "2021-01-01T00:00:00Z",
    "termExpirationDate" : "2022-01-01T00:00:00Z",
    "inceptionDate" : null,
    "componentName" : null,
    "riskItems" : null,
    "parties" : [ {
      "namePrefix" : null,
      "firstName" : "Test 22",
      "middleName" : null,
      "lastName" : "Test",
      "otherName" : null,
      "nameTypeCd" : null,
      "oid" : null,
      "contactPreferenceCd" : null,
      "displayValue" : null,
      "relationShipToInsuredCd" : null,
      "addresses" : null,
      "componentName" : null,
      "extension" : { },
      "emails" : null,
      "phones" : null,
      "roles" : null,
      "birthDt" : null,
      "partyNumber" : null,
      "companyNumber" : null,
      "externalId" : null,
      "preferredPaymentMethod" : null,
      "bankAccountInfo" : null,
      "bankName" : null,
      "bankAccountNumber" : null,
      "accountHolderName" : null,
      "bankTransitNumber" : null,
      "bankCd" : null,
      "bankBranchCd" : null,
      "bankAccountType" : null,
      "additionalNameInd" : null,
      "additionalName" : null,
      "instanceName" : null,
      "type" : null,
      "partyRoles" : null,
      "externalPartyInd" : false,
      "suffix" : null
    } ],
    "policyNumber" : "CP0000863460",
    "productCd" : "GB_AC",
    "productVersion" : null,
    "verified" : null,
    "policyStatus" : "ACTIVE",
    "policyLOB" : "ACC",
    "policyBLOB" : null,
    "reportedPolicyNumber" : "CP0000863460"
  },
  "claimNumber" : "C1392",
  "additionalClaimNumber" : "OC1392",
  "claimStatusCd" : "CLOSED",
  "lossDt" : "2021-07-16T00:00:00Z",
  "lossDesc" : "test",
  "customerNumber" : "520181",
  "reportedDt" : "2021-07-16T18:31:00Z",
  "policyNumber" : "CP0000863460",
  "policyProductCd" : "GB_AC",
  "knownTimeInd" : null,
  "lineOfBusinessCd" : "ACC",
  "productVersion" : null,
  "causeOfLossCd" : null,
  "lossLocationDesc" : null,
  "lossLocation" : null,
  "secondaryLossCauseCd" : null,
  "reportingMethod" : null,
  "parties" : null,
  "addresses" : null,
  "componentName" : null,
  "policyProductVersion" : null,
  "totalIncurred" : {
    "amount" : 0.00,
    "currencyCd" : "USD"
  },
  "fileOwner" : {
    "typeCd" : null,
    "refId" : null,
    "displayValue" : "New Claims – Accident CI HI"
  },
  "claimsPolicyStatus" : null,
  "extension" : { },
  "selectedRiskItemOids" : null,
  "currencyCd" : null,
  "typeOfResolution" : "WITHDRAWN",
  "productCd" : "CLAIM_ACC_HEALTH"
} ]
classpath:wflclaim/getClaim.feature:31
<<<

HTML report: (paste into browser to view) | Karate version: 1.0.1
file:///C:/Users/600001038/IdeaProjects/WFRegressionTest/target/karate-reports/karate-summary.html
===================================================================

]]></system-out>
    <system-err><![CDATA[ERROR StatusLogger No log4j2 configuration file found. Using default configuration: logging only errors to the console.
]]></system-err>
  </testcase>
</testsuite>